2018-06-28 20:50:57,910 INFO (StartupInfoLogger.java:48)- Starting ServletInitializer on qmf-PC with PID 10972 (C:\Users\qmf\git\cbhs\server\cbhs\target\classes started by qmf in C:\Users\qmf\git\cbhs\server\cbhs)
2018-06-28 20:50:57,923 DEBUG (StartupInfoLogger.java:51)- Running with Spring Boot v1.5.5.RELEASE, Spring v4.3.10.RELEASE
2018-06-28 20:50:57,923 INFO (SpringApplication.java:597)- The following profiles are active: prod,test
2018-06-28 20:51:12,313 INFO (StartupInfoLogger.java:57)- Started ServletInitializer in 14.803 seconds (JVM running for 15.165)
2018-06-28 20:52:00,001 INFO (QuartzService.java:51)- 启动日志定时写入任务------>
2018-06-28 20:52:00,057 INFO (QuartzService.java:63)- <-------日志定时写入任务完成
2018-06-28 20:53:06,966 INFO (StartupInfoLogger.java:48)- Starting ServletInitializer on qmf-PC with PID 10000 (C:\Users\qmf\git\cbhs\server\cbhs\target\classes started by qmf in C:\Users\qmf\git\cbhs\server\cbhs)
2018-06-28 20:53:06,969 DEBUG (StartupInfoLogger.java:51)- Running with Spring Boot v1.5.5.RELEASE, Spring v4.3.10.RELEASE
2018-06-28 20:53:06,970 INFO (SpringApplication.java:597)- The following profiles are active: prod,test
2018-06-28 20:53:20,888 INFO (StartupInfoLogger.java:57)- Started ServletInitializer in 14.295 seconds (JVM running for 14.647)
2018-06-28 20:54:00,001 INFO (QuartzService.java:51)- 启动日志定时写入任务------>
2018-06-28 20:54:00,064 INFO (QuartzService.java:63)- <-------日志定时写入任务完成
2018-06-28 20:56:00,002 INFO (QuartzService.java:51)- 启动日志定时写入任务------>
2018-06-28 20:56:00,035 INFO (QuartzService.java:63)- <-------日志定时写入任务完成
2018-06-28 20:56:21,092 INFO (StartupInfoLogger.java:48)- Starting ServletInitializer on qmf-PC with PID 2316 (C:\Users\qmf\git\cbhs\server\cbhs\target\classes started by qmf in C:\Users\qmf\git\cbhs\server\cbhs)
2018-06-28 20:56:21,106 DEBUG (StartupInfoLogger.java:51)- Running with Spring Boot v1.5.5.RELEASE, Spring v4.3.10.RELEASE
2018-06-28 20:56:21,106 INFO (SpringApplication.java:597)- The following profiles are active: prod,test
2018-06-28 20:56:37,972 INFO (StartupInfoLogger.java:57)- Started ServletInitializer in 17.344 seconds (JVM running for 17.967)
2018-06-28 20:58:00,002 INFO (QuartzService.java:51)- 启动日志定时写入任务------>
2018-06-28 20:58:00,067 INFO (QuartzService.java:63)- <-------日志定时写入任务完成
2018-06-28 21:02:40,957 INFO (StartupInfoLogger.java:48)- Starting ServletInitializer on qmf-PC with PID 11372 (C:\Users\qmf\git\cbhs\server\cbhs\target\classes started by qmf in C:\Users\qmf\git\cbhs\server\cbhs)
2018-06-28 21:02:40,963 DEBUG (StartupInfoLogger.java:51)- Running with Spring Boot v1.5.5.RELEASE, Spring v4.3.10.RELEASE
2018-06-28 21:02:40,963 INFO (SpringApplication.java:597)- The following profiles are active: prod,test
2018-06-28 21:02:58,840 INFO (StartupInfoLogger.java:57)- Started ServletInitializer in 18.332 seconds (JVM running for 18.812)
2018-06-28 21:03:02,307 ERROR (ExceptionProcesser.java:67)- Capturing an exception
java.lang.ArithmeticException: Division undefined
	at java.math.BigDecimal.divide(Unknown Source)
	at com.server.handler.imp.TjbbApisServiceImp.abnormalFetch(TjbbApisServiceImp.java:298)
	at com.server.handler.imp.TjbbApisServiceImp$$FastClassBySpringCGLIB$$8208d02a.invoke(<generated>)
	at org.springframework.cglib.proxy.MethodProxy.invoke(MethodProxy.java:204)
	at org.springframework.aop.framework.CglibAopProxy$CglibMethodInvocation.invokeJoinpoint(CglibAopProxy.java:738)
	at org.springframework.aop.framework.ReflectiveMethodInvocation.proceed(ReflectiveMethodInvocation.java:157)
	at org.springframework.transaction.interceptor.TransactionInterceptor$1.proceedWithInvocation(TransactionInterceptor.java:99)
	at org.springframework.transaction.interceptor.TransactionAspectSupport.invokeWithinTransaction(TransactionAspectSupport.java:282)
	at org.springframework.transaction.interceptor.TransactionInterceptor.invoke(TransactionInterceptor.java:96)
	at org.springframework.aop.framework.ReflectiveMethodInvocation.proceed(ReflectiveMethodInvocation.java:179)
	at org.springframework.aop.framework.CglibAopProxy$DynamicAdvisedInterceptor.intercept(CglibAopProxy.java:673)
	at com.server.handler.imp.TjbbApisServiceImp$$EnhancerBySpringCGLIB$$6dbc8fde.abnormalFetch(<generated>)
	at com.server.apis.TjbbApis.abnormalFetch(TjbbApis.java:103)
	at sun.reflect.NativeMethodAccessorImpl.invoke0(Native Method)
	at sun.reflect.NativeMethodAccessorImpl.invoke(Unknown Source)
	at sun.reflect.DelegatingMethodAccessorImpl.invoke(Unknown Source)
	at java.lang.reflect.Method.invoke(Unknown Source)
	at org.springframework.web.method.support.InvocableHandlerMethod.doInvoke(InvocableHandlerMethod.java:205)
	at org.springframework.web.method.support.InvocableHandlerMethod.invokeForRequest(InvocableHandlerMethod.java:133)
	at org.springframework.web.servlet.mvc.method.annotation.ServletInvocableHandlerMethod.invokeAndHandle(ServletInvocableHandlerMethod.java:97)
	at org.springframework.web.servlet.mvc.method.annotation.RequestMappingHandlerAdapter.invokeHandlerMethod(RequestMappingHandlerAdapter.java:827)
	at org.springframework.web.servlet.mvc.method.annotation.RequestMappingHandlerAdapter.handleInternal(RequestMappingHandlerAdapter.java:738)
	at org.springframework.web.servlet.mvc.method.AbstractHandlerMethodAdapter.handle(AbstractHandlerMethodAdapter.java:85)
	at org.springframework.web.servlet.DispatcherServlet.doDispatch(DispatcherServlet.java:967)
	at org.springframework.web.servlet.DispatcherServlet.doService(DispatcherServlet.java:901)
	at org.springframework.web.servlet.FrameworkServlet.processRequest(FrameworkServlet.java:970)
	at org.springframework.web.servlet.FrameworkServlet.doPost(FrameworkServlet.java:872)
	at javax.servlet.http.HttpServlet.service(HttpServlet.java:707)
	at org.springframework.web.servlet.FrameworkServlet.service(FrameworkServlet.java:846)
	at javax.servlet.http.HttpServlet.service(HttpServlet.java:790)
	at io.undertow.servlet.handlers.ServletHandler.handleRequest(ServletHandler.java:85)
	at io.undertow.servlet.handlers.FilterHandler$FilterChainImpl.doFilter(FilterHandler.java:129)
	at com.server.runner.LogFilter.doFilter(LogFilter.java:36)
	at io.undertow.servlet.core.ManagedFilter.doFilter(ManagedFilter.java:61)
	at io.undertow.servlet.handlers.FilterHandler$FilterChainImpl.doFilter(FilterHandler.java:131)
	at com.server.runner.CorsFilter.doFilter(CorsFilter.java:30)
	at io.undertow.servlet.core.ManagedFilter.doFilter(ManagedFilter.java:61)
	at io.undertow.servlet.handlers.FilterHandler$FilterChainImpl.doFilter(FilterHandler.java:131)
	at com.alibaba.druid.support.http.WebStatFilter.doFilter(WebStatFilter.java:123)
	at io.undertow.servlet.core.ManagedFilter.doFilter(ManagedFilter.java:61)
	at io.undertow.servlet.handlers.FilterHandler$FilterChainImpl.doFilter(FilterHandler.java:131)
	at org.springframework.web.filter.RequestContextFilter.doFilterInternal(RequestContextFilter.java:99)
	at org.springframework.web.filter.OncePerRequestFilter.doFilter(OncePerRequestFilter.java:107)
	at io.undertow.servlet.core.ManagedFilter.doFilter(ManagedFilter.java:61)
	at io.undertow.servlet.handlers.FilterHandler$FilterChainImpl.doFilter(FilterHandler.java:131)
	at org.springframework.web.filter.HttpPutFormContentFilter.doFilterInternal(HttpPutFormContentFilter.java:105)
	at org.springframework.web.filter.OncePerRequestFilter.doFilter(OncePerRequestFilter.java:107)
	at io.undertow.servlet.core.ManagedFilter.doFilter(ManagedFilter.java:61)
	at io.undertow.servlet.handlers.FilterHandler$FilterChainImpl.doFilter(FilterHandler.java:131)
	at org.springframework.web.filter.HiddenHttpMethodFilter.doFilterInternal(HiddenHttpMethodFilter.java:81)
	at org.springframework.web.filter.OncePerRequestFilter.doFilter(OncePerRequestFilter.java:107)
	at io.undertow.servlet.core.ManagedFilter.doFilter(ManagedFilter.java:61)
	at io.undertow.servlet.handlers.FilterHandler$FilterChainImpl.doFilter(FilterHandler.java:131)
	at org.springframework.web.filter.CharacterEncodingFilter.doFilterInternal(CharacterEncodingFilter.java:197)
	at org.springframework.web.filter.OncePerRequestFilter.doFilter(OncePerRequestFilter.java:107)
	at io.undertow.servlet.core.ManagedFilter.doFilter(ManagedFilter.java:61)
	at io.undertow.servlet.handlers.FilterHandler$FilterChainImpl.doFilter(FilterHandler.java:131)
	at io.undertow.servlet.handlers.FilterHandler.handleRequest(FilterHandler.java:84)
	at io.undertow.servlet.handlers.security.ServletSecurityRoleHandler.handleRequest(ServletSecurityRoleHandler.java:62)
	at io.undertow.servlet.handlers.ServletDispatchingHandler.handleRequest(ServletDispatchingHandler.java:36)
	at io.undertow.servlet.handlers.security.SSLInformationAssociationHandler.handleRequest(SSLInformationAssociationHandler.java:131)
	at io.undertow.servlet.handlers.security.ServletAuthenticationCallHandler.handleRequest(ServletAuthenticationCallHandler.java:57)
	at io.undertow.server.handlers.PredicateHandler.handleRequest(PredicateHandler.java:43)
	at io.undertow.security.handlers.AbstractConfidentialityHandler.handleRequest(AbstractConfidentialityHandler.java:46)
	at io.undertow.servlet.handlers.security.ServletConfidentialityConstraintHandler.handleRequest(ServletConfidentialityConstraintHandler.java:64)
	at io.undertow.security.handlers.AuthenticationMechanismsHandler.handleRequest(AuthenticationMechanismsHandler.java:60)
	at io.undertow.servlet.handlers.security.CachedAuthenticatedSessionHandler.handleRequest(CachedAuthenticatedSessionHandler.java:77)
	at io.undertow.security.handlers.AbstractSecurityContextAssociationHandler.handleRequest(AbstractSecurityContextAssociationHandler.java:43)
	at io.undertow.server.handlers.PredicateHandler.handleRequest(PredicateHandler.java:43)
	at io.undertow.server.handlers.PredicateHandler.handleRequest(PredicateHandler.java:43)
	at io.undertow.servlet.handlers.ServletInitialHandler.handleFirstRequest(ServletInitialHandler.java:292)
	at io.undertow.servlet.handlers.ServletInitialHandler.access$100(ServletInitialHandler.java:81)
	at io.undertow.servlet.handlers.ServletInitialHandler$2.call(ServletInitialHandler.java:138)
	at io.undertow.servlet.handlers.ServletInitialHandler$2.call(ServletInitialHandler.java:135)
	at io.undertow.servlet.core.ServletRequestContextThreadSetupAction$1.call(ServletRequestContextThreadSetupAction.java:48)
	at io.undertow.servlet.core.ContextClassLoaderSetupAction$1.call(ContextClassLoaderSetupAction.java:43)
	at io.undertow.servlet.handlers.ServletInitialHandler.dispatchRequest(ServletInitialHandler.java:272)
	at io.undertow.servlet.handlers.ServletInitialHandler.access$000(ServletInitialHandler.java:81)
	at io.undertow.servlet.handlers.ServletInitialHandler$1.handleRequest(ServletInitialHandler.java:104)
	at io.undertow.server.Connectors.executeRootHandler(Connectors.java:326)
	at io.undertow.server.HttpServerExchange$1.run(HttpServerExchange.java:812)
	at java.util.concurrent.ThreadPoolExecutor.runWorker(Unknown Source)
	at java.util.concurrent.ThreadPoolExecutor$Worker.run(Unknown Source)
	at java.lang.Thread.run(Unknown Source)
2018-06-28 21:04:00,002 INFO (QuartzService.java:51)- 启动日志定时写入任务------>
2018-06-28 21:04:00,073 INFO (QuartzService.java:63)- <-------日志定时写入任务完成
2018-06-28 21:04:28,882 ERROR (ExceptionProcesser.java:67)- Capturing an exception
java.lang.ArithmeticException: Division undefined
	at java.math.BigDecimal.divide(Unknown Source)
	at com.server.handler.imp.TjbbApisServiceImp.abnormalFetch(TjbbApisServiceImp.java:298)
	at com.server.handler.imp.TjbbApisServiceImp$$FastClassBySpringCGLIB$$8208d02a.invoke(<generated>)
	at org.springframework.cglib.proxy.MethodProxy.invoke(MethodProxy.java:204)
	at org.springframework.aop.framework.CglibAopProxy$CglibMethodInvocation.invokeJoinpoint(CglibAopProxy.java:738)
	at org.springframework.aop.framework.ReflectiveMethodInvocation.proceed(ReflectiveMethodInvocation.java:157)
	at org.springframework.transaction.interceptor.TransactionInterceptor$1.proceedWithInvocation(TransactionInterceptor.java:99)
	at org.springframework.transaction.interceptor.TransactionAspectSupport.invokeWithinTransaction(TransactionAspectSupport.java:282)
	at org.springframework.transaction.interceptor.TransactionInterceptor.invoke(TransactionInterceptor.java:96)
	at org.springframework.aop.framework.ReflectiveMethodInvocation.proceed(ReflectiveMethodInvocation.java:179)
	at org.springframework.aop.framework.CglibAopProxy$DynamicAdvisedInterceptor.intercept(CglibAopProxy.java:673)
	at com.server.handler.imp.TjbbApisServiceImp$$EnhancerBySpringCGLIB$$6dbc8fde.abnormalFetch(<generated>)
	at com.server.apis.TjbbApis.abnormalFetch(TjbbApis.java:103)
	at sun.reflect.NativeMethodAccessorImpl.invoke0(Native Method)
	at sun.reflect.NativeMethodAccessorImpl.invoke(Unknown Source)
	at sun.reflect.DelegatingMethodAccessorImpl.invoke(Unknown Source)
	at java.lang.reflect.Method.invoke(Unknown Source)
	at org.springframework.web.method.support.InvocableHandlerMethod.doInvoke(InvocableHandlerMethod.java:205)
	at org.springframework.web.method.support.InvocableHandlerMethod.invokeForRequest(InvocableHandlerMethod.java:133)
	at org.springframework.web.servlet.mvc.method.annotation.ServletInvocableHandlerMethod.invokeAndHandle(ServletInvocableHandlerMethod.java:97)
	at org.springframework.web.servlet.mvc.method.annotation.RequestMappingHandlerAdapter.invokeHandlerMethod(RequestMappingHandlerAdapter.java:827)
	at org.springframework.web.servlet.mvc.method.annotation.RequestMappingHandlerAdapter.handleInternal(RequestMappingHandlerAdapter.java:738)
	at org.springframework.web.servlet.mvc.method.AbstractHandlerMethodAdapter.handle(AbstractHandlerMethodAdapter.java:85)
	at org.springframework.web.servlet.DispatcherServlet.doDispatch(DispatcherServlet.java:967)
	at org.springframework.web.servlet.DispatcherServlet.doService(DispatcherServlet.java:901)
	at org.springframework.web.servlet.FrameworkServlet.processRequest(FrameworkServlet.java:970)
	at org.springframework.web.servlet.FrameworkServlet.doPost(FrameworkServlet.java:872)
	at javax.servlet.http.HttpServlet.service(HttpServlet.java:707)
	at org.springframework.web.servlet.FrameworkServlet.service(FrameworkServlet.java:846)
	at javax.servlet.http.HttpServlet.service(HttpServlet.java:790)
	at io.undertow.servlet.handlers.ServletHandler.handleRequest(ServletHandler.java:85)
	at io.undertow.servlet.handlers.FilterHandler$FilterChainImpl.doFilter(FilterHandler.java:129)
	at com.server.runner.LogFilter.doFilter(LogFilter.java:36)
	at io.undertow.servlet.core.ManagedFilter.doFilter(ManagedFilter.java:61)
	at io.undertow.servlet.handlers.FilterHandler$FilterChainImpl.doFilter(FilterHandler.java:131)
	at com.server.runner.CorsFilter.doFilter(CorsFilter.java:30)
	at io.undertow.servlet.core.ManagedFilter.doFilter(ManagedFilter.java:61)
	at io.undertow.servlet.handlers.FilterHandler$FilterChainImpl.doFilter(FilterHandler.java:131)
	at com.alibaba.druid.support.http.WebStatFilter.doFilter(WebStatFilter.java:123)
	at io.undertow.servlet.core.ManagedFilter.doFilter(ManagedFilter.java:61)
	at io.undertow.servlet.handlers.FilterHandler$FilterChainImpl.doFilter(FilterHandler.java:131)
	at org.springframework.web.filter.RequestContextFilter.doFilterInternal(RequestContextFilter.java:99)
	at org.springframework.web.filter.OncePerRequestFilter.doFilter(OncePerRequestFilter.java:107)
	at io.undertow.servlet.core.ManagedFilter.doFilter(ManagedFilter.java:61)
	at io.undertow.servlet.handlers.FilterHandler$FilterChainImpl.doFilter(FilterHandler.java:131)
	at org.springframework.web.filter.HttpPutFormContentFilter.doFilterInternal(HttpPutFormContentFilter.java:105)
	at org.springframework.web.filter.OncePerRequestFilter.doFilter(OncePerRequestFilter.java:107)
	at io.undertow.servlet.core.ManagedFilter.doFilter(ManagedFilter.java:61)
	at io.undertow.servlet.handlers.FilterHandler$FilterChainImpl.doFilter(FilterHandler.java:131)
	at org.springframework.web.filter.HiddenHttpMethodFilter.doFilterInternal(HiddenHttpMethodFilter.java:81)
	at org.springframework.web.filter.OncePerRequestFilter.doFilter(OncePerRequestFilter.java:107)
	at io.undertow.servlet.core.ManagedFilter.doFilter(ManagedFilter.java:61)
	at io.undertow.servlet.handlers.FilterHandler$FilterChainImpl.doFilter(FilterHandler.java:131)
	at org.springframework.web.filter.CharacterEncodingFilter.doFilterInternal(CharacterEncodingFilter.java:197)
	at org.springframework.web.filter.OncePerRequestFilter.doFilter(OncePerRequestFilter.java:107)
	at io.undertow.servlet.core.ManagedFilter.doFilter(ManagedFilter.java:61)
	at io.undertow.servlet.handlers.FilterHandler$FilterChainImpl.doFilter(FilterHandler.java:131)
	at io.undertow.servlet.handlers.FilterHandler.handleRequest(FilterHandler.java:84)
	at io.undertow.servlet.handlers.security.ServletSecurityRoleHandler.handleRequest(ServletSecurityRoleHandler.java:62)
	at io.undertow.servlet.handlers.ServletDispatchingHandler.handleRequest(ServletDispatchingHandler.java:36)
	at io.undertow.servlet.handlers.security.SSLInformationAssociationHandler.handleRequest(SSLInformationAssociationHandler.java:131)
	at io.undertow.servlet.handlers.security.ServletAuthenticationCallHandler.handleRequest(ServletAuthenticationCallHandler.java:57)
	at io.undertow.server.handlers.PredicateHandler.handleRequest(PredicateHandler.java:43)
	at io.undertow.security.handlers.AbstractConfidentialityHandler.handleRequest(AbstractConfidentialityHandler.java:46)
	at io.undertow.servlet.handlers.security.ServletConfidentialityConstraintHandler.handleRequest(ServletConfidentialityConstraintHandler.java:64)
	at io.undertow.security.handlers.AuthenticationMechanismsHandler.handleRequest(AuthenticationMechanismsHandler.java:60)
	at io.undertow.servlet.handlers.security.CachedAuthenticatedSessionHandler.handleRequest(CachedAuthenticatedSessionHandler.java:77)
	at io.undertow.security.handlers.AbstractSecurityContextAssociationHandler.handleRequest(AbstractSecurityContextAssociationHandler.java:43)
	at io.undertow.server.handlers.PredicateHandler.handleRequest(PredicateHandler.java:43)
	at io.undertow.server.handlers.PredicateHandler.handleRequest(PredicateHandler.java:43)
	at io.undertow.servlet.handlers.ServletInitialHandler.handleFirstRequest(ServletInitialHandler.java:292)
	at io.undertow.servlet.handlers.ServletInitialHandler.access$100(ServletInitialHandler.java:81)
	at io.undertow.servlet.handlers.ServletInitialHandler$2.call(ServletInitialHandler.java:138)
	at io.undertow.servlet.handlers.ServletInitialHandler$2.call(ServletInitialHandler.java:135)
	at io.undertow.servlet.core.ServletRequestContextThreadSetupAction$1.call(ServletRequestContextThreadSetupAction.java:48)
	at io.undertow.servlet.core.ContextClassLoaderSetupAction$1.call(ContextClassLoaderSetupAction.java:43)
	at io.undertow.servlet.handlers.ServletInitialHandler.dispatchRequest(ServletInitialHandler.java:272)
	at io.undertow.servlet.handlers.ServletInitialHandler.access$000(ServletInitialHandler.java:81)
	at io.undertow.servlet.handlers.ServletInitialHandler$1.handleRequest(ServletInitialHandler.java:104)
	at io.undertow.server.Connectors.executeRootHandler(Connectors.java:326)
	at io.undertow.server.HttpServerExchange$1.run(HttpServerExchange.java:812)
	at java.util.concurrent.ThreadPoolExecutor.runWorker(Unknown Source)
	at java.util.concurrent.ThreadPoolExecutor$Worker.run(Unknown Source)
	at java.lang.Thread.run(Unknown Source)
2018-06-28 21:06:00,002 INFO (QuartzService.java:51)- 启动日志定时写入任务------>
2018-06-28 21:06:00,022 INFO (QuartzService.java:63)- <-------日志定时写入任务完成
2018-06-28 21:08:36,589 INFO (StartupInfoLogger.java:48)- Starting ServletInitializer on qmf-PC with PID 5612 (C:\Users\qmf\git\cbhs\server\cbhs\target\classes started by qmf in C:\Users\qmf\git\cbhs\server\cbhs)
2018-06-28 21:08:36,591 DEBUG (StartupInfoLogger.java:51)- Running with Spring Boot v1.5.5.RELEASE, Spring v4.3.10.RELEASE
2018-06-28 21:08:36,592 INFO (SpringApplication.java:597)- The following profiles are active: prod,test
2018-06-28 21:08:50,599 INFO (StartupInfoLogger.java:57)- Started ServletInitializer in 14.399 seconds (JVM running for 14.772)
2018-06-28 21:08:53,304 ERROR (ExceptionProcesser.java:67)- Capturing an exception
java.lang.ArithmeticException: / by zero
	at java.math.BigDecimal.divideAndRound(Unknown Source)
	at java.math.BigDecimal.divide(Unknown Source)
	at java.math.BigDecimal.divide(Unknown Source)
	at java.math.BigDecimal.divide(Unknown Source)
	at com.server.handler.imp.TjbbApisServiceImp.abnormalFetch(TjbbApisServiceImp.java:299)
	at com.server.handler.imp.TjbbApisServiceImp$$FastClassBySpringCGLIB$$8208d02a.invoke(<generated>)
	at org.springframework.cglib.proxy.MethodProxy.invoke(MethodProxy.java:204)
	at org.springframework.aop.framework.CglibAopProxy$CglibMethodInvocation.invokeJoinpoint(CglibAopProxy.java:738)
	at org.springframework.aop.framework.ReflectiveMethodInvocation.proceed(ReflectiveMethodInvocation.java:157)
	at org.springframework.transaction.interceptor.TransactionInterceptor$1.proceedWithInvocation(TransactionInterceptor.java:99)
	at org.springframework.transaction.interceptor.TransactionAspectSupport.invokeWithinTransaction(TransactionAspectSupport.java:282)
	at org.springframework.transaction.interceptor.TransactionInterceptor.invoke(TransactionInterceptor.java:96)
	at org.springframework.aop.framework.ReflectiveMethodInvocation.proceed(ReflectiveMethodInvocation.java:179)
	at org.springframework.aop.framework.CglibAopProxy$DynamicAdvisedInterceptor.intercept(CglibAopProxy.java:673)
	at com.server.handler.imp.TjbbApisServiceImp$$EnhancerBySpringCGLIB$$ff1e58a9.abnormalFetch(<generated>)
	at com.server.apis.TjbbApis.abnormalFetch(TjbbApis.java:103)
	at sun.reflect.NativeMethodAccessorImpl.invoke0(Native Method)
	at sun.reflect.NativeMethodAccessorImpl.invoke(Unknown Source)
	at sun.reflect.DelegatingMethodAccessorImpl.invoke(Unknown Source)
	at java.lang.reflect.Method.invoke(Unknown Source)
	at org.springframework.web.method.support.InvocableHandlerMethod.doInvoke(InvocableHandlerMethod.java:205)
	at org.springframework.web.method.support.InvocableHandlerMethod.invokeForRequest(InvocableHandlerMethod.java:133)
	at org.springframework.web.servlet.mvc.method.annotation.ServletInvocableHandlerMethod.invokeAndHandle(ServletInvocableHandlerMethod.java:97)
	at org.springframework.web.servlet.mvc.method.annotation.RequestMappingHandlerAdapter.invokeHandlerMethod(RequestMappingHandlerAdapter.java:827)
	at org.springframework.web.servlet.mvc.method.annotation.RequestMappingHandlerAdapter.handleInternal(RequestMappingHandlerAdapter.java:738)
	at org.springframework.web.servlet.mvc.method.AbstractHandlerMethodAdapter.handle(AbstractHandlerMethodAdapter.java:85)
	at org.springframework.web.servlet.DispatcherServlet.doDispatch(DispatcherServlet.java:967)
	at org.springframework.web.servlet.DispatcherServlet.doService(DispatcherServlet.java:901)
	at org.springframework.web.servlet.FrameworkServlet.processRequest(FrameworkServlet.java:970)
	at org.springframework.web.servlet.FrameworkServlet.doPost(FrameworkServlet.java:872)
	at javax.servlet.http.HttpServlet.service(HttpServlet.java:707)
	at org.springframework.web.servlet.FrameworkServlet.service(FrameworkServlet.java:846)
	at javax.servlet.http.HttpServlet.service(HttpServlet.java:790)
	at io.undertow.servlet.handlers.ServletHandler.handleRequest(ServletHandler.java:85)
	at io.undertow.servlet.handlers.FilterHandler$FilterChainImpl.doFilter(FilterHandler.java:129)
	at com.server.runner.LogFilter.doFilter(LogFilter.java:36)
	at io.undertow.servlet.core.ManagedFilter.doFilter(ManagedFilter.java:61)
	at io.undertow.servlet.handlers.FilterHandler$FilterChainImpl.doFilter(FilterHandler.java:131)
	at com.server.runner.CorsFilter.doFilter(CorsFilter.java:30)
	at io.undertow.servlet.core.ManagedFilter.doFilter(ManagedFilter.java:61)
	at io.undertow.servlet.handlers.FilterHandler$FilterChainImpl.doFilter(FilterHandler.java:131)
	at com.alibaba.druid.support.http.WebStatFilter.doFilter(WebStatFilter.java:123)
	at io.undertow.servlet.core.ManagedFilter.doFilter(ManagedFilter.java:61)
	at io.undertow.servlet.handlers.FilterHandler$FilterChainImpl.doFilter(FilterHandler.java:131)
	at org.springframework.web.filter.RequestContextFilter.doFilterInternal(RequestContextFilter.java:99)
	at org.springframework.web.filter.OncePerRequestFilter.doFilter(OncePerRequestFilter.java:107)
	at io.undertow.servlet.core.ManagedFilter.doFilter(ManagedFilter.java:61)
	at io.undertow.servlet.handlers.FilterHandler$FilterChainImpl.doFilter(FilterHandler.java:131)
	at org.springframework.web.filter.HttpPutFormContentFilter.doFilterInternal(HttpPutFormContentFilter.java:105)
	at org.springframework.web.filter.OncePerRequestFilter.doFilter(OncePerRequestFilter.java:107)
	at io.undertow.servlet.core.ManagedFilter.doFilter(ManagedFilter.java:61)
	at io.undertow.servlet.handlers.FilterHandler$FilterChainImpl.doFilter(FilterHandler.java:131)
	at org.springframework.web.filter.HiddenHttpMethodFilter.doFilterInternal(HiddenHttpMethodFilter.java:81)
	at org.springframework.web.filter.OncePerRequestFilter.doFilter(OncePerRequestFilter.java:107)
	at io.undertow.servlet.core.ManagedFilter.doFilter(ManagedFilter.java:61)
	at io.undertow.servlet.handlers.FilterHandler$FilterChainImpl.doFilter(FilterHandler.java:131)
	at org.springframework.web.filter.CharacterEncodingFilter.doFilterInternal(CharacterEncodingFilter.java:197)
	at org.springframework.web.filter.OncePerRequestFilter.doFilter(OncePerRequestFilter.java:107)
	at io.undertow.servlet.core.ManagedFilter.doFilter(ManagedFilter.java:61)
	at io.undertow.servlet.handlers.FilterHandler$FilterChainImpl.doFilter(FilterHandler.java:131)
	at io.undertow.servlet.handlers.FilterHandler.handleRequest(FilterHandler.java:84)
	at io.undertow.servlet.handlers.security.ServletSecurityRoleHandler.handleRequest(ServletSecurityRoleHandler.java:62)
	at io.undertow.servlet.handlers.ServletDispatchingHandler.handleRequest(ServletDispatchingHandler.java:36)
	at io.undertow.servlet.handlers.security.SSLInformationAssociationHandler.handleRequest(SSLInformationAssociationHandler.java:131)
	at io.undertow.servlet.handlers.security.ServletAuthenticationCallHandler.handleRequest(ServletAuthenticationCallHandler.java:57)
	at io.undertow.server.handlers.PredicateHandler.handleRequest(PredicateHandler.java:43)
	at io.undertow.security.handlers.AbstractConfidentialityHandler.handleRequest(AbstractConfidentialityHandler.java:46)
	at io.undertow.servlet.handlers.security.ServletConfidentialityConstraintHandler.handleRequest(ServletConfidentialityConstraintHandler.java:64)
	at io.undertow.security.handlers.AuthenticationMechanismsHandler.handleRequest(AuthenticationMechanismsHandler.java:60)
	at io.undertow.servlet.handlers.security.CachedAuthenticatedSessionHandler.handleRequest(CachedAuthenticatedSessionHandler.java:77)
	at io.undertow.security.handlers.AbstractSecurityContextAssociationHandler.handleRequest(AbstractSecurityContextAssociationHandler.java:43)
	at io.undertow.server.handlers.PredicateHandler.handleRequest(PredicateHandler.java:43)
	at io.undertow.server.handlers.PredicateHandler.handleRequest(PredicateHandler.java:43)
	at io.undertow.servlet.handlers.ServletInitialHandler.handleFirstRequest(ServletInitialHandler.java:292)
	at io.undertow.servlet.handlers.ServletInitialHandler.access$100(ServletInitialHandler.java:81)
	at io.undertow.servlet.handlers.ServletInitialHandler$2.call(ServletInitialHandler.java:138)
	at io.undertow.servlet.handlers.ServletInitialHandler$2.call(ServletInitialHandler.java:135)
	at io.undertow.servlet.core.ServletRequestContextThreadSetupAction$1.call(ServletRequestContextThreadSetupAction.java:48)
	at io.undertow.servlet.core.ContextClassLoaderSetupAction$1.call(ContextClassLoaderSetupAction.java:43)
	at io.undertow.servlet.handlers.ServletInitialHandler.dispatchRequest(ServletInitialHandler.java:272)
	at io.undertow.servlet.handlers.ServletInitialHandler.access$000(ServletInitialHandler.java:81)
	at io.undertow.servlet.handlers.ServletInitialHandler$1.handleRequest(ServletInitialHandler.java:104)
	at io.undertow.server.Connectors.executeRootHandler(Connectors.java:326)
	at io.undertow.server.HttpServerExchange$1.run(HttpServerExchange.java:812)
	at java.util.concurrent.ThreadPoolExecutor.runWorker(Unknown Source)
	at java.util.concurrent.ThreadPoolExecutor$Worker.run(Unknown Source)
	at java.lang.Thread.run(Unknown Source)
2018-06-28 21:09:29,591 INFO (StartupInfoLogger.java:48)- Starting ServletInitializer on qmf-PC with PID 11292 (C:\Users\qmf\git\cbhs\server\cbhs\target\classes started by qmf in C:\Users\qmf\git\cbhs\server\cbhs)
2018-06-28 21:09:29,594 DEBUG (StartupInfoLogger.java:51)- Running with Spring Boot v1.5.5.RELEASE, Spring v4.3.10.RELEASE
2018-06-28 21:09:29,595 INFO (SpringApplication.java:597)- The following profiles are active: prod,test
2018-06-28 21:09:43,789 INFO (StartupInfoLogger.java:57)- Started ServletInitializer in 14.575 seconds (JVM running for 14.934)
2018-06-28 21:10:07,287 INFO (StartupInfoLogger.java:48)- Starting ServletInitializer on qmf-PC with PID 6264 (C:\Users\qmf\git\cbhs\server\cbhs\target\classes started by qmf in C:\Users\qmf\git\cbhs\server\cbhs)
2018-06-28 21:10:07,296 DEBUG (StartupInfoLogger.java:51)- Running with Spring Boot v1.5.5.RELEASE, Spring v4.3.10.RELEASE
2018-06-28 21:10:07,296 INFO (SpringApplication.java:597)- The following profiles are active: prod,test
2018-06-28 21:10:24,353 INFO (StartupInfoLogger.java:57)- Started ServletInitializer in 17.487 seconds (JVM running for 18.025)
2018-06-28 22:20:47,466 INFO (StartupInfoLogger.java:48)- Starting ServletInitializer on qmf-PC with PID 736 (C:\Users\qmf\git\cbhs\server\cbhs\target\classes started by qmf in C:\Users\qmf\git\cbhs\server\cbhs)
2018-06-28 22:20:47,468 DEBUG (StartupInfoLogger.java:51)- Running with Spring Boot v1.5.5.RELEASE, Spring v4.3.10.RELEASE
2018-06-28 22:20:47,469 INFO (SpringApplication.java:597)- The following profiles are active: prod,test
2018-06-28 22:21:01,434 INFO (StartupInfoLogger.java:57)- Started ServletInitializer in 14.331 seconds (JVM running for 14.676)
2018-06-28 22:22:58,288 INFO (StartupInfoLogger.java:48)- Starting ServletInitializer on qmf-PC with PID 11268 (C:\Users\qmf\git\cbhs\server\cbhs\target\classes started by qmf in C:\Users\qmf\git\cbhs\server\cbhs)
2018-06-28 22:22:58,291 DEBUG (StartupInfoLogger.java:51)- Running with Spring Boot v1.5.5.RELEASE, Spring v4.3.10.RELEASE
2018-06-28 22:22:58,291 INFO (SpringApplication.java:597)- The following profiles are active: prod,test
2018-06-28 22:23:12,783 INFO (StartupInfoLogger.java:57)- Started ServletInitializer in 14.87 seconds (JVM running for 15.239)
2018-06-28 22:26:00,002 INFO (QuartzService.java:51)- 启动日志定时写入任务------>
2018-06-28 22:26:00,064 INFO (QuartzService.java:63)- <-------日志定时写入任务完成
2018-06-28 22:28:00,002 INFO (QuartzService.java:51)- 启动日志定时写入任务------>
2018-06-28 22:28:00,022 INFO (QuartzService.java:63)- <-------日志定时写入任务完成
2018-06-28 22:48:57,486 INFO (StartupInfoLogger.java:48)- Starting ServletInitializer on qmf-PC with PID 10852 (C:\Users\qmf\git\cbhs\server\cbhs\target\classes started by qmf in C:\Users\qmf\git\cbhs\server\cbhs)
2018-06-28 22:48:57,488 DEBUG (StartupInfoLogger.java:51)- Running with Spring Boot v1.5.5.RELEASE, Spring v4.3.10.RELEASE
2018-06-28 22:48:57,489 INFO (SpringApplication.java:597)- The following profiles are active: prod,test
2018-06-28 22:49:12,840 INFO (StartupInfoLogger.java:57)- Started ServletInitializer in 15.738 seconds (JVM running for 16.09)
